2023-07-21 20:39:47,399 - NoteApp - INFO - Получена команда: list
2023-07-21 20:47:42,713 - NoteApp - INFO - Получена команда: list
2023-07-21 20:57:09,201 - NoteApp - INFO - Получена команда: help
2023-07-21 20:57:16,554 - NoteApp - INFO - Получена команда: add
2023-07-21 20:59:53,600 - NoteApp - INFO - Получена команда: add
2023-07-21 21:00:04,141 - NoteApp - INFO - Получена команда: list
2023-07-21 21:00:08,920 - NoteApp - INFO - Получена команда: read
2023-07-21 21:04:53,495 - NoteApp - INFO - Получена команда: add
2023-07-21 21:05:09,124 - NoteApp - INFO - Получена команда: list
2023-07-21 21:05:19,206 - NoteApp - INFO - Получена команда: 2
2023-07-21 21:05:26,669 - NoteApp - INFO - Получена команда: read
2023-07-21 21:08:17,128 - NoteApp - INFO - Получена команда: read
2023-07-21 21:08:26,996 - NoteApp - INFO - Получена команда: add
2023-07-21 21:11:28,889 - NoteApp - INFO - Получена команда: add
2023-07-21 21:14:10,852 - NoteApp - INFO - Получена команда: add
2023-07-21 21:17:24,063 - NoteApp - INFO - Получена команда: add
2023-07-21 21:19:03,295 - NoteApp - INFO - Получена команда: add
2023-07-21 21:19:44,410 - NoteApp - INFO - Получена команда: add
2023-07-21 21:20:15,598 - NoteApp - INFO - Получена команда: add
2023-07-21 21:20:46,989 - NoteApp - INFO - Получена команда: add
2023-07-21 21:21:19,973 - NoteApp - INFO - Получена команда: add
2023-07-21 21:21:42,574 - NoteApp - INFO - Получена команда: add
2023-07-21 21:22:42,609 - NoteApp - INFO - Получена команда: add
2023-07-21 21:23:14,329 - NoteApp - INFO - Получена команда: add
2023-07-21 21:24:45,084 - NoteApp - INFO - Получена команда: add
2023-07-21 21:25:16,959 - NoteApp - INFO - Получена команда: add
2023-07-21 21:27:21,871 - NoteApp - INFO - Получена команда: add
2023-07-21 21:28:54,575 - NoteApp - INFO - Получена команда: add
2023-07-21 21:35:34,047 - NoteApp - INFO - Получена команда: read
2023-07-21 21:35:42,076 - NoteApp - INFO - Получена команда: read
2023-07-21 21:35:49,582 - NoteApp - INFO - Получена команда: read
2023-07-21 21:35:57,741 - NoteApp - INFO - Получена команда: add
2023-07-21 21:36:17,815 - NoteApp - INFO - Получена команда: add
2023-07-21 21:37:15,443 - NoteApp - INFO - Получена команда: add
2023-07-21 21:48:42,553 - NoteApp - INFO - Получена команда: add
2023-07-21 21:48:53,882 - NoteApp - INFO - Получена команда: list
2023-07-21 21:48:57,151 - NoteApp - INFO - Получена команда: 2
2023-07-21 21:49:04,642 - NoteApp - INFO - Получена команда: read
2023-07-21 21:51:18,124 - NoteApp - INFO - Получена команда: 12
2023-07-21 21:51:24,877 - NoteApp - INFO - Получена команда: list
2023-07-21 21:51:28,921 - NoteApp - INFO - Получена команда: add
2023-07-21 21:51:34,923 - NoteApp - INFO - Получена команда: list
2023-07-21 21:51:43,279 - NoteApp - INFO - Получена команда: add
2023-07-21 21:51:59,269 - NoteApp - INFO - Получена команда: list
2023-07-21 21:52:04,668 - NoteApp - INFO - Получена команда: delete
2023-07-21 21:52:12,718 - NoteApp - INFO - Получена команда: list
2023-07-21 21:52:16,822 - NoteApp - INFO - Получена команда: add
2023-07-21 21:52:24,119 - NoteApp - INFO - Получена команда: list
2023-07-21 21:52:29,759 - NoteApp - INFO - Получена команда: add
2023-07-21 21:52:36,514 - NoteApp - INFO - Получена команда: list
2023-07-21 21:54:44,390 - NoteApp - INFO - Получена команда: add
2023-07-21 21:54:50,316 - NoteApp - INFO - Получена команда: add
2023-07-21 21:54:58,839 - NoteApp - INFO - Получена команда: list
2023-07-21 21:55:07,982 - NoteApp - INFO - Получена команда: delete
2023-07-21 21:55:13,027 - NoteApp - INFO - Получена команда: add
2023-07-21 21:55:18,334 - NoteApp - INFO - Получена команда: list
2023-07-21 21:55:30,024 - NoteApp - INFO - Получена команда: edit
2023-07-22 06:02:18,729 - NoteApp - INFO - Получена команда: list
2023-07-22 06:04:36,489 - NoteApp - INFO - Получена команда: list
2023-07-22 06:07:24,310 - NoteApp - INFO - Получена команда: list
2023-07-22 06:08:31,992 - NoteApp - INFO - Получена команда: list
2023-07-22 06:19:48,330 - NoteApp - INFO - Получена команда: sort
2023-07-22 06:20:07,058 - NoteApp - INFO - Получена команда: sort
2023-07-22 06:21:47,393 - NoteApp - INFO - Получена команда: list
2023-07-22 06:21:58,793 - NoteApp - INFO - Получена команда: sort
2023-07-22 06:22:07,341 - NoteApp - INFO - Получена команда: sort
2023-07-22 19:36:17,115 - NoteApp - INFO - Получена команда: list
2023-07-22 19:37:10,403 - NoteApp - INFO - Получена команда: add
2023-07-22 19:37:25,765 - NoteApp - INFO - Получена команда: edit
2023-07-22 19:37:45,808 - NoteApp - INFO - Получена команда: list
2023-07-22 19:38:12,438 - NoteApp - INFO - Получена команда: read
